<?xml version="1.0" encoding="UTF-8"?>
<testng-results skipped="0" failed="1" ignored="0" total="2" passed="1">
  <reporter-output>
  </reporter-output>
  <suite name="Default suite" duration-ms="41108" started-at="2021-02-26T20:32:07 CET" finished-at="2021-02-26T20:32:48 CET">
    <groups>
    </groups>
    <test name="Default test" duration-ms="41108" started-at="2021-02-26T20:32:07 CET" finished-at="2021-02-26T20:32:48 CET">
      <class name="tests.MealItemTest">
        <test-method status="PASS" signature="setUp()[pri:0, instance:tests.MealItemTest@184f6be2]" name="setUp" is-config="true" duration-ms="3468" started-at="2021-02-26T20:32:07 CET" finished-at="2021-02-26T20:32:10 CET">
          <reporter-output>
          </reporter-output>
        </test-method> <!-- setUp -->
        <test-method status="FAIL" signature="addMealToFavourite()[pri:1, instance:tests.MealItemTest@184f6be2]" name="addMealToFavourite" duration-ms="12939" started-at="2021-02-26T20:32:10 CET" finished-at="2021-02-26T20:32:23 CET">
          <exception class="java.lang.AssertionError">
            <message>
              <![CDATA[[ERROR]: Message for favourite meal is not valid did not expect to find [true] but found [false]]]>
            </message>
            <full-stacktrace>
              <![CDATA[java.lang.AssertionError: [ERROR]: Message for favourite meal is not valid did not expect to find [true] but found [false]
at org.testng.Assert.fail(Assert.java:97)
at org.testng.Assert.failNotEquals(Assert.java:969)
at org.testng.Assert.assertTrue(Assert.java:43)
at tests.MealItemTest.addMealToFavourite(MealItemTest.java:51)
at sun.reflect.NativeMethodAccessorImpl.invoke0(Native Method)
at sun.reflect.NativeMethodAccessorImpl.invoke(NativeMethodAccessorImpl.java:62)
at sun.reflect.DelegatingMethodAccessorImpl.invoke(DelegatingMethodAccessorImpl.java:43)
at java.lang.reflect.Method.invoke(Method.java:498)
at org.testng.internal.MethodInvocationHelper.invokeMethod(MethodInvocationHelper.java:133)
at org.testng.internal.TestInvoker.invokeMethod(TestInvoker.java:584)
at org.testng.internal.TestInvoker.invokeTestMethod(TestInvoker.java:172)
at org.testng.internal.MethodRunner.runInSequence(MethodRunner.java:46)
at org.testng.internal.TestInvoker$MethodInvocationAgent.invoke(TestInvoker.java:804)
at org.testng.internal.TestInvoker.invokeTestMethods(TestInvoker.java:145)
at org.testng.internal.TestMethodWorker.invokeTestMethods(TestMethodWorker.java:146)
at org.testng.internal.TestMethodWorker.run(TestMethodWorker.java:128)
at java.util.ArrayList.forEach(ArrayList.java:1259)
at org.testng.TestRunner.privateRun(TestRunner.java:770)
at org.testng.TestRunner.run(TestRunner.java:591)
at org.testng.SuiteRunner.runTest(SuiteRunner.java:402)
at org.testng.SuiteRunner.runSequentially(SuiteRunner.java:396)
at org.testng.SuiteRunner.privateRun(SuiteRunner.java:355)
at org.testng.SuiteRunner.run(SuiteRunner.java:304)
at org.testng.SuiteRunnerWorker.runSuite(SuiteRunnerWorker.java:53)
at org.testng.SuiteRunnerWorker.run(SuiteRunnerWorker.java:96)
at org.testng.TestNG.runSuitesSequentially(TestNG.java:1180)
at org.testng.TestNG.runSuitesLocally(TestNG.java:1102)
at org.testng.TestNG.runSuites(TestNG.java:1032)
at org.testng.TestNG.run(TestNG.java:1000)
at org.testng.remote.AbstractRemoteTestNG.run(AbstractRemoteTestNG.java:115)
at org.testng.remote.RemoteTestNG.initAndRun(RemoteTestNG.java:251)
at org.testng.remote.RemoteTestNG.main(RemoteTestNG.java:77)
]]>
            </full-stacktrace>
          </exception> <!-- java.lang.AssertionError -->
          <reporter-output>
          </reporter-output>
        </test-method> <!-- addMealToFavourite -->
        <test-method status="PASS" signature="afterTest(org.testng.ITestResult)[pri:0, instance:tests.MealItemTest@184f6be2]" name="afterTest" is-config="true" duration-ms="2361" started-at="2021-02-26T20:32:23 CET" finished-at="2021-02-26T20:32:26 CET">
          <params>
            <param index="0">
              <value>
                <![CDATA[[TestResult name=addMealToFavourite status=FAILURE method=MealItemTest.addMealToFavourite()[pri:1, instance:tests.MealItemTest@184f6be2] output={null}]]]>
              </value>
            </param>
          </params>
          <reporter-output>
          </reporter-output>
        </test-method> <!-- afterTest -->
        <test-method status="PASS" signature="clearChartTest()[pri:2, instance:tests.MealItemTest@184f6be2]" name="clearChartTest" duration-ms="17166" started-at="2021-02-26T20:32:26 CET" finished-at="2021-02-26T20:32:43 CET">
          <reporter-output>
          </reporter-output>
        </test-method> <!-- clearChartTest -->
        <test-method status="PASS" signature="afterTest(org.testng.ITestResult)[pri:0, instance:tests.MealItemTest@184f6be2]" name="afterTest" is-config="true" duration-ms="2265" started-at="2021-02-26T20:32:43 CET" finished-at="2021-02-26T20:32:45 CET">
          <params>
            <param index="0">
              <value>
                <![CDATA[[TestResult name=clearChartTest status=SUCCESS method=MealItemTest.clearChartTest()[pri:2, instance:tests.MealItemTest@184f6be2] output={null}]]]>
              </value>
            </param>
          </params>
          <reporter-output>
          </reporter-output>
        </test-method> <!-- afterTest -->
        <test-method status="PASS" signature="closeAplication()[pri:0, instance:tests.MealItemTest@184f6be2]" name="closeAplication" is-config="true" duration-ms="2832" started-at="2021-02-26T20:32:45 CET" finished-at="2021-02-26T20:32:48 CET">
          <reporter-output>
          </reporter-output>
        </test-method> <!-- closeAplication -->
      </class> <!-- tests.MealItemTest -->
    </test> <!-- Default test -->
  </suite> <!-- Default suite -->
</testng-results>
